android-app/app/build/intermediates/manifest_merge_blame_file/debug/processDebugMainManifest/manifest-merger-blame-debug-report.txt
1<?xml version="1.0" encoding="utf-8"?>
2<manifest xmlns:android="http://schemas.android.com/apk/res/android"
3    package="com.mafutapass.app"
4    android:versionCode="1"
5    android:versionName="1.0" >
6
7    <uses-sdk
8        android:minSdkVersion="26"
9        android:targetSdkVersion="35" />
10
11    <uses-permission android:name="android.permission.INTERNET" />
11-->src/main/AndroidManifest.xml:4:5-67
11-->src/main/AndroidManifest.xml:4:22-64
12    <uses-permission android:name="android.permission.CAMERA" />
12-->src/main/AndroidManifest.xml:5:5-65
12-->src/main/AndroidManifest.xml:5:22-62
13    <uses-permission
13-->src/main/AndroidManifest.xml:6:5-7:38
14        android:name="android.permission.WRITE_EXTERNAL_STORAGE"
14-->src/main/AndroidManifest.xml:6:22-78
15        android:maxSdkVersion="28" />
15-->src/main/AndroidManifest.xml:7:9-35
16    <uses-permission
16-->src/main/AndroidManifest.xml:8:5-9:38
17        android:name="android.permission.READ_EXTERNAL_STORAGE"
17-->src/main/AndroidManifest.xml:8:22-77
18        android:maxSdkVersion="32" />
18-->src/main/AndroidManifest.xml:9:9-35
19
20    <uses-feature
20-->src/main/AndroidManifest.xml:11:5-85
21        android:name="android.hardware.camera"
21-->src/main/AndroidManifest.xml:11:19-57
22        android:required="false" />
22-->src/main/AndroidManifest.xml:11:58-82
23    <uses-feature
23-->src/main/AndroidManifest.xml:12:5-95
24        android:name="android.hardware.camera.autofocus"
24-->src/main/AndroidManifest.xml:12:19-67
25        android:required="false" />
25-->src/main/AndroidManifest.xml:12:68-92
26
27    <uses-permission android:name="android.permission.ACCESS_NETWORK_STATE" />
27-->[com.clerk:clerk-android-api:0.1.31] AndroidManifest.xml:8:5-79
27-->[com.clerk:clerk-android-api:0.1.31] AndroidManifest.xml:8:22-76
28    <uses-permission android:name="android.permission.READ_BASIC_PHONE_STATE" />
28-->[com.google.android.libraries.ads.mobile.sdk:ads-mobile-sdk:0.21.0-beta01] AndroidManifest.xml:11:5-81
28-->[com.google.android.libraries.ads.mobile.sdk:ads-mobile-sdk:0.21.0-beta01] AndroidManifest.xml:11:22-78
29    <uses-permission android:name="android.permission.ACCESS_ADSERVICES_TOPICS" />
29-->[com.google.android.libraries.ads.mobile.sdk:ads-mobile-sdk:0.21.0-beta01] AndroidManifest.xml:12:5-83
29-->[com.google.android.libraries.ads.mobile.sdk:ads-mobile-sdk:0.21.0-beta01] AndroidManifest.xml:12:22-80
30    <uses-permission android:name="android.permission.ACCESS_ADSERVICES_AD_ID" />
30-->[com.google.android.libraries.ads.mobile.sdk:ads-mobile-sdk:0.21.0-beta01] AndroidManifest.xml:13:5-82
30-->[com.google.android.libraries.ads.mobile.sdk:ads-mobile-sdk:0.21.0-beta01] AndroidManifest.xml:13:22-79
31    <uses-permission android:name="android.permission.ACCESS_ADSERVICES_ATTRIBUTION" />
31-->[com.google.android.libraries.ads.mobile.sdk:ads-mobile-sdk:0.21.0-beta01] AndroidManifest.xml:14:5-88
31-->[com.google.android.libraries.ads.mobile.sdk:ads-mobile-sdk:0.21.0-beta01] AndroidManifest.xml:14:22-85
32    <uses-permission android:name="com.google.android.gms.permission.AD_ID" /> <!-- Android package visibility setting -->
32-->[com.google.android.libraries.ads.mobile.sdk:ads-mobile-sdk:0.21.0-beta01] AndroidManifest.xml:15:5-79
32-->[com.google.android.libraries.ads.mobile.sdk:ads-mobile-sdk:0.21.0-beta01] AndroidManifest.xml:15:22-76
33    <queries>
33-->[com.google.android.libraries.ads.mobile.sdk:ads-mobile-sdk:0.21.0-beta01] AndroidManifest.xml:21:5-54:15
34
35        <!-- For browser content -->
36        <intent>
36-->[com.google.android.libraries.ads.mobile.sdk:ads-mobile-sdk:0.21.0-beta01] AndroidManifest.xml:24:9-30:18
37            <action android:name="android.intent.action.VIEW" />
37-->[com.clerk:clerk-android-api:0.1.31] AndroidManifest.xml:22:17-69
37-->[com.clerk:clerk-android-api:0.1.31] AndroidManifest.xml:22:25-66
38
39            <category android:name="android.intent.category.BROWSABLE" />
39-->[com.clerk:clerk-android-api:0.1.31] AndroidManifest.xml:25:17-78
39-->[com.clerk:clerk-android-api:0.1.31] AndroidManifest.xml:25:27-75
40
41            <data android:scheme="https" />
41-->[com.clerk:clerk-android-api:0.1.31] AndroidManifest.xml:27:17-29:46
41-->[com.clerk:clerk-android-api:0.1.31] AndroidManifest.xml:29:21-43
42        </intent>
43        <!-- End of browser content -->
44        <!-- For CustomTabsService -->
45        <intent>
45-->[com.google.android.libraries.ads.mobile.sdk:ads-mobile-sdk:0.21.0-beta01] AndroidManifest.xml:33:9-35:18
46            <action android:name="android.support.customtabs.action.CustomTabsService" />
46-->[com.google.android.libraries.ads.mobile.sdk:ads-mobile-sdk:0.21.0-beta01] AndroidManifest.xml:34:13-90
46-->[com.google.android.libraries.ads.mobile.sdk:ads-mobile-sdk:0.21.0-beta01] AndroidManifest.xml:34:21-87
47        </intent>
48        <!-- End of CustomTabsService -->
49        <!-- For MRAID capabilities -->
50        <intent>
50-->[com.google.android.libraries.ads.mobile.sdk:ads-mobile-sdk:0.21.0-beta01] AndroidManifest.xml:38:9-42:18
51            <action android:name="android.intent.action.INSERT" />
51-->[com.google.android.libraries.ads.mobile.sdk:ads-mobile-sdk:0.21.0-beta01] AndroidManifest.xml:39:13-67
51-->[com.google.android.libraries.ads.mobile.sdk:ads-mobile-sdk:0.21.0-beta01] AndroidManifest.xml:39:21-64
52
53            <data android:mimeType="vnd.android.cursor.dir/event" />
53-->[com.clerk:clerk-android-api:0.1.31] AndroidManifest.xml:27:17-29:46
54        </intent>
55        <intent>
55-->[com.google.android.libraries.ads.mobile.sdk:ads-mobile-sdk:0.21.0-beta01] AndroidManifest.xml:43:9-47:18
56            <action android:name="android.intent.action.VIEW" />
56-->[com.clerk:clerk-android-api:0.1.31] AndroidManifest.xml:22:17-69
56-->[com.clerk:clerk-android-api:0.1.31] AndroidManifest.xml:22:25-66
57
58            <data android:scheme="sms" />
58-->[com.clerk:clerk-android-api:0.1.31] AndroidManifest.xml:27:17-29:46
58-->[com.clerk:clerk-android-api:0.1.31] AndroidManifest.xml:29:21-43
59        </intent>
60        <intent>
60-->[com.google.android.libraries.ads.mobile.sdk:ads-mobile-sdk:0.21.0-beta01] AndroidManifest.xml:48:9-52:18
61            <action android:name="android.intent.action.DIAL" />
61-->[com.google.android.libraries.ads.mobile.sdk:ads-mobile-sdk:0.21.0-beta01] AndroidManifest.xml:49:13-65
61-->[com.google.android.libraries.ads.mobile.sdk:ads-mobile-sdk:0.21.0-beta01] AndroidManifest.xml:49:21-62
62
63            <data android:path="tel:" />
63-->[com.clerk:clerk-android-api:0.1.31] AndroidManifest.xml:27:17-29:46
64        </intent>
65        <!-- End of MRAID capabilities -->
66    </queries>
67
68    <uses-permission android:name="android.permission.USE_BIOMETRIC" /> <!-- suppress DeprecatedClassUsageInspection -->
68-->[androidx.biometric:biometric:1.1.0] AndroidManifest.xml:24:5-72
68-->[androidx.biometric:biometric:1.1.0] AndroidManifest.xml:24:22-69
69    <uses-permission android:name="android.permission.USE_FINGERPRINT" />
69-->[androidx.biometric:biometric:1.1.0] AndroidManifest.xml:27:5-74
69-->[androidx.biometric:biometric:1.1.0] AndroidManifest.xml:27:22-71
70    <uses-permission android:name="android.permission.WAKE_LOCK" />
70-->[androidx.work:work-runtime:2.7.0] AndroidManifest.xml:25:5-68
70-->[androidx.work:work-runtime:2.7.0] AndroidManifest.xml:25:22-65
71    <uses-permission android:name="android.permission.FOREGROUND_SERVICE" />
71-->[androidx.work:work-runtime:2.7.0] AndroidManifest.xml:28:5-77
71-->[androidx.work:work-runtime:2.7.0] AndroidManifest.xml:28:22-74
72    <uses-permission android:name="android.permission.REORDER_TASKS" />
72-->[androidx.test:core:1.7.0] AndroidManifest.xml:24:5-72
72-->[androidx.test:core:1.7.0] AndroidManifest.xml:24:22-69
73
74    <permission
74-->[androidx.core:core:1.16.0] AndroidManifest.xml:22:5-24:47
75        android:name="com.mafutapass.app.DYNAMIC_RECEIVER_NOT_EXPORTED_PERMISSION"
75-->[androidx.core:core:1.16.0] AndroidManifest.xml:23:9-81
76        android:protectionLevel="signature" />
76-->[androidx.core:core:1.16.0] AndroidManifest.xml:24:9-44
77
78    <uses-permission android:name="com.mafutapass.app.DYNAMIC_RECEIVER_NOT_EXPORTED_PERMISSION" />
78-->[androidx.core:core:1.16.0] AndroidManifest.xml:26:5-97
78-->[androidx.core:core:1.16.0] AndroidManifest.xml:26:22-94
79
80    <application
80-->src/main/AndroidManifest.xml:14:5-43:19
81        android:name="com.mafutapass.app.MafutaPassApplication"
81-->src/main/AndroidManifest.xml:15:9-46
82        android:allowBackup="true"
82-->src/main/AndroidManifest.xml:16:9-35
83        android:appComponentFactory="androidx.core.app.CoreComponentFactory"
83-->[androidx.core:core:1.16.0] AndroidManifest.xml:28:18-86
84        android:debuggable="true"
85        android:extractNativeLibs="false"
86        android:icon="@mipmap/ic_launcher"
86-->src/main/AndroidManifest.xml:17:9-43
87        android:label="@string/app_name"
87-->src/main/AndroidManifest.xml:18:9-41
88        android:roundIcon="@mipmap/ic_launcher_round"
88-->src/main/AndroidManifest.xml:19:9-54
89        android:supportsRtl="true"
89-->src/main/AndroidManifest.xml:20:9-35
90        android:testOnly="true"
91        android:theme="@style/Theme.MafutaPass"
91-->src/main/AndroidManifest.xml:22:9-48
92        android:usesCleartextTraffic="true" >
92-->src/main/AndroidManifest.xml:21:9-44
93
94        <!-- Clerk SDK Configuration -->
95        <meta-data
95-->src/main/AndroidManifest.xml:25:9-27:68
96            android:name="CLERK_PUBLISHABLE_KEY"
96-->src/main/AndroidManifest.xml:26:13-49
97            android:value="pk_live_Y2xlcmsubWFmdXRhcGFzcy5jb20k" />
97-->src/main/AndroidManifest.xml:27:13-65
98
99        <!-- Main Activity -->
100        <activity
100-->src/main/AndroidManifest.xml:30:9-42:20
101            android:name="com.mafutapass.app.MainActivity"
101-->src/main/AndroidManifest.xml:31:13-41
102            android:exported="true"
102-->src/main/AndroidManifest.xml:32:13-36
103            android:launchMode="singleTask"
103-->src/main/AndroidManifest.xml:33:13-44
104            android:theme="@style/Theme.MafutaPass" >
104-->src/main/AndroidManifest.xml:34:13-52
105            <intent-filter>
105-->src/main/AndroidManifest.xml:35:13-38:29
106                <action android:name="android.intent.action.MAIN" />
106-->src/main/AndroidManifest.xml:36:17-69
106-->src/main/AndroidManifest.xml:36:25-66
107
108                <category android:name="android.intent.category.LAUNCHER" />
108-->src/main/AndroidManifest.xml:37:17-77
108-->src/main/AndroidManifest.xml:37:27-74
109            </intent-filter>
110
111            <!-- OAuth callback for Clerk -->
112            <!-- No deep link needed for native OAuth -->
113        </activity>
114        <activity
114-->[com.clerk:clerk-android-api:0.1.31] AndroidManifest.xml:11:9-16:75
115            android:name="com.clerk.api.sso.SSOManagerActivity"
115-->[com.clerk:clerk-android-api:0.1.31] AndroidManifest.xml:12:13-64
116            android:configChanges="screenSize|smallestScreenSize|screenLayout|orientation|keyboard|keyboardHidden"
116-->[com.clerk:clerk-android-api:0.1.31] AndroidManifest.xml:13:13-115
117            android:exported="false"
117-->[com.clerk:clerk-android-api:0.1.31] AndroidManifest.xml:14:13-37
118            android:launchMode="singleTask"
118-->[com.clerk:clerk-android-api:0.1.31] AndroidManifest.xml:15:13-44
119            android:theme="@style/Theme.AppCompat.DayNight.NoActionBar" />
119-->[com.clerk:clerk-android-api:0.1.31] AndroidManifest.xml:16:13-72
120        <activity
120-->[com.clerk:clerk-android-api:0.1.31] AndroidManifest.xml:17:9-31:20
121            android:name="com.clerk.api.sso.SSOReceiverActivity"
121-->[com.clerk:clerk-android-api:0.1.31] AndroidManifest.xml:18:13-65
122            android:exported="true"
122-->[com.clerk:clerk-android-api:0.1.31] AndroidManifest.xml:19:13-36
123            android:theme="@style/Theme.AppCompat.DayNight.NoActionBar" >
123-->[com.clerk:clerk-android-api:0.1.31] AndroidManifest.xml:20:13-72
124            <intent-filter>
124-->[com.clerk:clerk-android-api:0.1.31] AndroidManifest.xml:21:13-30:29
125                <action android:name="android.intent.action.VIEW" />
125-->[com.clerk:clerk-android-api:0.1.31] AndroidManifest.xml:22:17-69
125-->[com.clerk:clerk-android-api:0.1.31] AndroidManifest.xml:22:25-66
126
127                <category android:name="android.intent.category.DEFAULT" />
127-->[com.clerk:clerk-android-api:0.1.31] AndroidManifest.xml:24:17-76
127-->[com.clerk:clerk-android-api:0.1.31] AndroidManifest.xml:24:27-73
128                <category android:name="android.intent.category.BROWSABLE" />
128-->[com.clerk:clerk-android-api:0.1.31] AndroidManifest.xml:25:17-78
128-->[com.clerk:clerk-android-api:0.1.31] AndroidManifest.xml:25:27-75
129
130                <data
130-->[com.clerk:clerk-android-api:0.1.31] AndroidManifest.xml:27:17-29:46
131                    android:host="com.mafutapass.app.oauth"
131-->[com.clerk:clerk-android-api:0.1.31] AndroidManifest.xml:28:21-58
132                    android:scheme="clerk" />
132-->[com.clerk:clerk-android-api:0.1.31] AndroidManifest.xml:29:21-43
133            </intent-filter>
134        </activity>
135        <activity
135-->[androidx.compose.ui:ui-tooling-android:1.10.1] AndroidManifest.xml:23:9-25:39
136            android:name="androidx.compose.ui.tooling.PreviewActivity"
136-->[androidx.compose.ui:ui-tooling-android:1.10.1] AndroidManifest.xml:24:13-71
137            android:exported="true" />
137-->[androidx.compose.ui:ui-tooling-android:1.10.1] AndroidManifest.xml:25:13-36
138        <activity
138-->[androidx.compose.ui:ui-test-manifest:1.10.1] AndroidManifest.xml:23:9-26:79
139            android:name="androidx.activity.ComponentActivity"
139-->[androidx.compose.ui:ui-test-manifest:1.10.1] AndroidManifest.xml:24:13-63
140            android:exported="true"
140-->[androidx.compose.ui:ui-test-manifest:1.10.1] AndroidManifest.xml:25:13-36
141            android:theme="@android:style/Theme.Material.Light.NoActionBar" />
141-->[androidx.compose.ui:ui-test-manifest:1.10.1] AndroidManifest.xml:26:13-76
142        <activity
142-->[com.google.android.libraries.ads.mobile.sdk:ads-mobile-sdk:0.21.0-beta01] AndroidManifest.xml:57:9-62:43
143            android:name="com.google.android.libraries.ads.mobile.sdk.common.AdActivity"
143-->[com.google.android.libraries.ads.mobile.sdk:ads-mobile-sdk:0.21.0-beta01] AndroidManifest.xml:58:13-89
144            android:configChanges="keyboard|keyboardHidden|orientation|screenLayout|uiMode|screenSize|smallestScreenSize"
144-->[com.google.android.libraries.ads.mobile.sdk:ads-mobile-sdk:0.21.0-beta01] AndroidManifest.xml:59:13-122
145            android:exported="false"
145-->[com.google.android.libraries.ads.mobile.sdk:ads-mobile-sdk:0.21.0-beta01] AndroidManifest.xml:60:13-37
146            android:theme="@android:style/Theme.Translucent" />
146-->[com.google.android.libraries.ads.mobile.sdk:ads-mobile-sdk:0.21.0-beta01] AndroidManifest.xml:61:13-61
147
148        <provider
148-->[io.github.jan-tennert.supabase:gotrue-kt-android-debug:2.0.0] AndroidManifest.xml:9:9-17:20
149            android:name="androidx.startup.InitializationProvider"
149-->[io.github.jan-tennert.supabase:gotrue-kt-android-debug:2.0.0] AndroidManifest.xml:10:13-67
150            android:authorities="com.mafutapass.app.androidx-startup"
150-->[io.github.jan-tennert.supabase:gotrue-kt-android-debug:2.0.0] AndroidManifest.xml:11:13-68
151            android:exported="false" >
151-->[io.github.jan-tennert.supabase:gotrue-kt-android-debug:2.0.0] AndroidManifest.xml:12:13-37
152            <meta-data
152-->[io.github.jan-tennert.supabase:gotrue-kt-android-debug:2.0.0] AndroidManifest.xml:14:13-16:52
153                android:name="io.github.jan.supabase.gotrue.SupabaseInitializer"
153-->[io.github.jan-tennert.supabase:gotrue-kt-android-debug:2.0.0] AndroidManifest.xml:15:17-81
154                android:value="androidx.startup" />
154-->[io.github.jan-tennert.supabase:gotrue-kt-android-debug:2.0.0] AndroidManifest.xml:16:17-49
155            <meta-data
155-->[androidx.work:work-runtime:2.7.0] AndroidManifest.xml:36:13-38:52
156                android:name="androidx.work.WorkManagerInitializer"
156-->[androidx.work:work-runtime:2.7.0] AndroidManifest.xml:37:17-68
157                android:value="androidx.startup" />
157-->[androidx.work:work-runtime:2.7.0] AndroidManifest.xml:38:17-49
158            <meta-data
158-->[androidx.emoji2:emoji2:1.4.0] AndroidManifest.xml:29:13-31:52
159                android:name="androidx.emoji2.text.EmojiCompatInitializer"
159-->[androidx.emoji2:emoji2:1.4.0] AndroidManifest.xml:30:17-75
160                android:value="androidx.startup" />
160-->[androidx.emoji2:emoji2:1.4.0] AndroidManifest.xml:31:17-49
161            <meta-data
161-->[androidx.lifecycle:lifecycle-process:2.10.0] AndroidManifest.xml:29:13-31:52
162                android:name="androidx.lifecycle.ProcessLifecycleInitializer"
162-->[androidx.lifecycle:lifecycle-process:2.10.0] AndroidManifest.xml:30:17-78
163                android:value="androidx.startup" />
163-->[androidx.lifecycle:lifecycle-process:2.10.0] AndroidManifest.xml:31:17-49
164            <meta-data
164-->[androidx.profileinstaller:profileinstaller:1.4.1] AndroidManifest.xml:29:13-31:52
165                android:name="androidx.profileinstaller.ProfileInstallerInitializer"
165-->[androidx.profileinstaller:profileinstaller:1.4.1] AndroidManifest.xml:30:17-85
166                android:value="androidx.startup" />
166-->[androidx.profileinstaller:profileinstaller:1.4.1] AndroidManifest.xml:31:17-49
167            <meta-data
167-->[com.russhwolf:multiplatform-settings-no-arg-android-debug:1.1.1] AndroidManifest.xml:29:13-31:52
168                android:name="com.russhwolf.settings.SettingsInitializer"
168-->[com.russhwolf:multiplatform-settings-no-arg-android-debug:1.1.1] AndroidManifest.xml:30:17-74
169                android:value="androidx.startup" />
169-->[com.russhwolf:multiplatform-settings-no-arg-android-debug:1.1.1] AndroidManifest.xml:31:17-49
170            <meta-data
170-->[com.squareup.okhttp3:okhttp-android:5.3.2] AndroidManifest.xml:16:13-18:52
171                android:name="okhttp3.internal.platform.PlatformInitializer"
171-->[com.squareup.okhttp3:okhttp-android:5.3.2] AndroidManifest.xml:17:17-77
172                android:value="androidx.startup" />
172-->[com.squareup.okhttp3:okhttp-android:5.3.2] AndroidManifest.xml:18:17-49
173        </provider>
174        <!--
175        Service for holding metadata. Cannot be instantiated.
176        Metadata will be merged from other manifests.
177        -->
178        <service
178-->[androidx.camera:camera-core:1.3.3] AndroidManifest.xml:29:9-33:78
179            android:name="androidx.camera.core.impl.MetadataHolderService"
179-->[androidx.camera:camera-core:1.3.3] AndroidManifest.xml:30:13-75
180            android:enabled="false"
180-->[androidx.camera:camera-core:1.3.3] AndroidManifest.xml:31:13-36
181            android:exported="false" >
181-->[androidx.camera:camera-core:1.3.3] AndroidManifest.xml:32:13-37
182            <meta-data
182-->[androidx.camera:camera-camera2:1.3.3] AndroidManifest.xml:30:13-32:89
183                android:name="androidx.camera.core.impl.MetadataHolderService.DEFAULT_CONFIG_PROVIDER"
183-->[androidx.camera:camera-camera2:1.3.3] AndroidManifest.xml:31:17-103
184                android:value="androidx.camera.camera2.Camera2Config$DefaultProvider" />
184-->[androidx.camera:camera-camera2:1.3.3] AndroidManifest.xml:32:17-86
185        </service>
186        <service
186-->[androidx.credentials:credentials-play-services-auth:1.5.0] AndroidManifest.xml:24:9-32:19
187            android:name="androidx.credentials.playservices.CredentialProviderMetadataHolder"
187-->[androidx.credentials:credentials-play-services-auth:1.5.0] AndroidManifest.xml:25:13-94
188            android:enabled="true"
188-->[androidx.credentials:credentials-play-services-auth:1.5.0] AndroidManifest.xml:26:13-35
189            android:exported="false" >
189-->[androidx.credentials:credentials-play-services-auth:1.5.0] AndroidManifest.xml:27:13-37
190            <meta-data
190-->[androidx.credentials:credentials-play-services-auth:1.5.0] AndroidManifest.xml:29:13-31:104
191                android:name="androidx.credentials.CREDENTIAL_PROVIDER_KEY"
191-->[androidx.credentials:credentials-play-services-auth:1.5.0] AndroidManifest.xml:30:17-76
192                android:value="androidx.credentials.playservices.CredentialProviderPlayServicesImpl" />
192-->[androidx.credentials:credentials-play-services-auth:1.5.0] AndroidManifest.xml:31:17-101
193        </service>
194
195        <activity
195-->[androidx.credentials:credentials-play-services-auth:1.5.0] AndroidManifest.xml:34:9-41:20
196            android:name="androidx.credentials.playservices.HiddenActivity"
196-->[androidx.credentials:credentials-play-services-auth:1.5.0] AndroidManifest.xml:35:13-76
197            android:configChanges="orientation|screenSize|screenLayout|keyboardHidden"
197-->[androidx.credentials:credentials-play-services-auth:1.5.0] AndroidManifest.xml:36:13-87
198            android:enabled="true"
198-->[androidx.credentials:credentials-play-services-auth:1.5.0] AndroidManifest.xml:37:13-35
199            android:exported="false"
199-->[androidx.credentials:credentials-play-services-auth:1.5.0] AndroidManifest.xml:38:13-37
200            android:fitsSystemWindows="true"
200-->[androidx.credentials:credentials-play-services-auth:1.5.0] AndroidManifest.xml:39:13-45
201            android:theme="@style/Theme.Hidden" >
201-->[androidx.credentials:credentials-play-services-auth:1.5.0] AndroidManifest.xml:40:13-48
202        </activity>
203        <activity
203-->[androidx.credentials:credentials-play-services-auth:1.5.0] AndroidManifest.xml:42:9-49:20
204            android:name="androidx.credentials.playservices.IdentityCredentialApiHiddenActivity"
204-->[androidx.credentials:credentials-play-services-auth:1.5.0] AndroidManifest.xml:43:13-97
205            android:configChanges="orientation|screenSize|screenLayout|keyboardHidden"
205-->[androidx.credentials:credentials-play-services-auth:1.5.0] AndroidManifest.xml:44:13-87
206            android:enabled="true"
206-->[androidx.credentials:credentials-play-services-auth:1.5.0] AndroidManifest.xml:45:13-35
207            android:exported="false"
207-->[androidx.credentials:credentials-play-services-auth:1.5.0] AndroidManifest.xml:46:13-37
208            android:fitsSystemWindows="true"
208-->[androidx.credentials:credentials-play-services-auth:1.5.0] AndroidManifest.xml:47:13-45
209            android:theme="@style/Theme.Hidden" >
209-->[androidx.credentials:credentials-play-services-auth:1.5.0] AndroidManifest.xml:48:13-48
210        </activity>
211        <activity
211-->[com.google.android.gms:play-services-auth:21.1.1] AndroidManifest.xml:23:9-27:75
212            android:name="com.google.android.gms.auth.api.signin.internal.SignInHubActivity"
212-->[com.google.android.gms:play-services-auth:21.1.1] AndroidManifest.xml:24:13-93
213            android:excludeFromRecents="true"
213-->[com.google.android.gms:play-services-auth:21.1.1] AndroidManifest.xml:25:13-46
214            android:exported="false"
214-->[com.google.android.gms:play-services-auth:21.1.1] AndroidManifest.xml:26:13-37
215            android:theme="@android:style/Theme.Translucent.NoTitleBar" />
215-->[com.google.android.gms:play-services-auth:21.1.1] AndroidManifest.xml:27:13-72
216        <!--
217            Service handling Google Sign-In user revocation. For apps that do not integrate with
218            Google Sign-In, this service will never be started.
219        -->
220        <service
220-->[com.google.android.gms:play-services-auth:21.1.1] AndroidManifest.xml:33:9-37:51
221            android:name="com.google.android.gms.auth.api.signin.RevocationBoundService"
221-->[com.google.android.gms:play-services-auth:21.1.1] AndroidManifest.xml:34:13-89
222            android:exported="true"
222-->[com.google.android.gms:play-services-auth:21.1.1] AndroidManifest.xml:35:13-36
223            android:permission="com.google.android.gms.auth.api.signin.permission.REVOCATION_NOTIFICATION"
223-->[com.google.android.gms:play-services-auth:21.1.1] AndroidManifest.xml:36:13-107
224            android:visibleToInstantApps="true" />
224-->[com.google.android.gms:play-services-auth:21.1.1] AndroidManifest.xml:37:13-48
225        <service
225-->[com.google.android.gms:play-services-mlkit-text-recognition-common:19.0.0] AndroidManifest.xml:9:9-15:19
226            android:name="com.google.mlkit.common.internal.MlKitComponentDiscoveryService"
226-->[com.google.android.gms:play-services-mlkit-text-recognition-common:19.0.0] AndroidManifest.xml:10:13-91
227            android:directBootAware="true"
227-->[com.google.mlkit:common:18.8.0] AndroidManifest.xml:17:13-43
228            android:exported="false" >
228-->[com.google.android.gms:play-services-mlkit-text-recognition-common:19.0.0] AndroidManifest.xml:11:13-37
229            <meta-data
229-->[com.google.android.gms:play-services-mlkit-text-recognition-common:19.0.0] AndroidManifest.xml:12:13-14:85
230                android:name="com.google.firebase.components:com.google.mlkit.vision.text.internal.TextRegistrar"
230-->[com.google.android.gms:play-services-mlkit-text-recognition-common:19.0.0] AndroidManifest.xml:13:17-114
231                android:value="com.google.firebase.components.ComponentRegistrar" />
231-->[com.google.android.gms:play-services-mlkit-text-recognition-common:19.0.0] AndroidManifest.xml:14:17-82
232            <meta-data
232-->[com.google.mlkit:vision-common:17.3.0] AndroidManifest.xml:12:13-14:85
233                android:name="com.google.firebase.components:com.google.mlkit.vision.common.internal.VisionCommonRegistrar"
233-->[com.google.mlkit:vision-common:17.3.0] AndroidManifest.xml:13:17-124
234                android:value="com.google.firebase.components.ComponentRegistrar" />
234-->[com.google.mlkit:vision-common:17.3.0] AndroidManifest.xml:14:17-82
235            <meta-data
235-->[com.google.mlkit:common:18.8.0] AndroidManifest.xml:20:13-22:85
236                android:name="com.google.firebase.components:com.google.mlkit.common.internal.CommonComponentRegistrar"
236-->[com.google.mlkit:common:18.8.0] AndroidManifest.xml:21:17-120
237                android:value="com.google.firebase.components.ComponentRegistrar" />
237-->[com.google.mlkit:common:18.8.0] AndroidManifest.xml:22:17-82
238        </service>
239
240        <provider
240-->[com.google.mlkit:common:18.8.0] AndroidManifest.xml:9:9-13:38
241            android:name="com.google.mlkit.common.internal.MlKitInitProvider"
241-->[com.google.mlkit:common:18.8.0] AndroidManifest.xml:10:13-78
242            android:authorities="com.mafutapass.app.mlkitinitprovider"
242-->[com.google.mlkit:common:18.8.0] AndroidManifest.xml:11:13-69
243            android:exported="false"
243-->[com.google.mlkit:common:18.8.0] AndroidManifest.xml:12:13-37
244            android:initOrder="99" />
244-->[com.google.mlkit:common:18.8.0] AndroidManifest.xml:13:13-35
245
246        <activity
246-->[com.google.android.gms:play-services-base:18.5.0] AndroidManifest.xml:5:9-173
247            android:name="com.google.android.gms.common.api.GoogleApiActivity"
247-->[com.google.android.gms:play-services-base:18.5.0] AndroidManifest.xml:5:19-85
248            android:exported="false"
248-->[com.google.android.gms:play-services-base:18.5.0] AndroidManifest.xml:5:146-170
249            android:theme="@android:style/Theme.Translucent.NoTitleBar" />
249-->[com.google.android.gms:play-services-base:18.5.0] AndroidManifest.xml:5:86-145
250
251        <meta-data
251-->[com.google.android.gms:play-services-basement:18.9.0] AndroidManifest.xml:21:9-23:69
252            android:name="com.google.android.gms.version"
252-->[com.google.android.gms:play-services-basement:18.9.0] AndroidManifest.xml:22:13-58
253            android:value="@integer/google_play_services_version" />
253-->[com.google.android.gms:play-services-basement:18.9.0] AndroidManifest.xml:23:13-66
254
255        <service
255-->[androidx.work:work-runtime:2.7.0] AndroidManifest.xml:41:9-46:35
256            android:name="androidx.work.impl.background.systemalarm.SystemAlarmService"
256-->[androidx.work:work-runtime:2.7.0] AndroidManifest.xml:42:13-88
257            android:directBootAware="false"
257-->[androidx.work:work-runtime:2.7.0] AndroidManifest.xml:43:13-44
258            android:enabled="@bool/enable_system_alarm_service_default"
258-->[androidx.work:work-runtime:2.7.0] AndroidManifest.xml:44:13-72
259            android:exported="false" />
259-->[androidx.work:work-runtime:2.7.0] AndroidManifest.xml:45:13-37
260        <service
260-->[androidx.work:work-runtime:2.7.0] AndroidManifest.xml:47:9-53:35
261            android:name="androidx.work.impl.background.systemjob.SystemJobService"
261-->[androidx.work:work-runtime:2.7.0] AndroidManifest.xml:48:13-84
262            android:directBootAware="false"
262-->[androidx.work:work-runtime:2.7.0] AndroidManifest.xml:49:13-44
263            android:enabled="@bool/enable_system_job_service_default"
263-->[androidx.work:work-runtime:2.7.0] AndroidManifest.xml:50:13-70
264            android:exported="true"
264-->[androidx.work:work-runtime:2.7.0] AndroidManifest.xml:51:13-36
265            android:permission="android.permission.BIND_JOB_SERVICE" />
265-->[androidx.work:work-runtime:2.7.0] AndroidManifest.xml:52:13-69
266        <service
266-->[androidx.work:work-runtime:2.7.0] AndroidManifest.xml:54:9-59:35
267            android:name="androidx.work.impl.foreground.SystemForegroundService"
267-->[androidx.work:work-runtime:2.7.0] AndroidManifest.xml:55:13-81